<?xml version="1.0" encoding="UTF-8"?>
<!-- Generated by org.testng.reporters.JUnitXMLReporter -->
<testsuite hostname="INFBA30867" ignored="0" name="Test" tests="2" failures="1" timestamp="2019-09-22T09:42:39 IST" time="95.822" errors="0">
  <testcase name="basepageNavigationFILE" time="11.042" classname="Fourstay.HomePage"/>
  <testcase name="loginPageLoginStatusAssertused" time="8.906" classname="Fourstay.HomePage">
    <failure type="java.lang.AssertionError" message="expected [Invalid credentials. Please try again.(remove)] but found [Invalid credentials. Please try again.]">
      <![CDATA[java.lang.AssertionError: expected [Invalid credentials. Please try again.(remove)] but found [Invalid credentials. Please try again.]
at Fourstay.HomePage.loginPageLoginStatusAssertused(HomePage.java:164)
at java.util.ArrayList.forEach(Unknown Source)
... Removed 32 stack frames]]>
    </failure>
  </testcase> <!-- loginPageLoginStatusAssertused -->
</testsuite> <!-- Test -->
